<?xml version="1.0" encoding="UTF-8"?>
<!-- Generated by org.testng.reporters.JUnitReportReporter -->
<testsuite skipped="0" hostname="PC370013" name="Test.GoogleTesting" tests="1" failures="0" timestamp="06 Nov 2017 12:36:48 GMT" time="2.630" errors="0">
  <testcase name="testOpenGoogle" time="2.630" classname="Test.GoogleTesting"/>
</testsuite> <!-- Test.GoogleTesting -->
