<?xml version="1.0" encoding="UTF-8"?>
<!-- Generated by org.testng.reporters.JUnitReportReporter -->
<testsuite hostname="PC370013" name="Test.GoogleTesting" tests="1" failures="0" timestamp="3 Nov 2017 07:24:22 GMT" time="8.748" errors="0">
  <testcase name="GoogleTest" time="8.748" classname="Test.GoogleTesting"/>
</testsuite> <!-- Test.GoogleTesting -->
