<?xml version="1.0" encoding="UTF-8"?>
<!-- Generated by org.testng.reporters.JUnitReportReporter -->
<testsuite hostname="PC370013" name="Test.GoogleTesting" tests="1" failures="0" timestamp="6 Nov 2017 11:18:31 GMT" time="8.042" errors="0">
  <testcase name="testOpenGoogle" time="8.042" classname="Test.GoogleTesting"/>
</testsuite> <!-- Test.GoogleTesting -->
