<?xml version="1.0" encoding="UTF-8"?>
<!-- Generated by org.testng.reporters.JUnitReportReporter -->
<testsuite hostname="PC370013" name="test.GoogleTesting" tests="1" failures="0" timestamp="2 Nov 2017 13:34:56 GMT" time="8.833" errors="0">
  <testcase name="GoogleTest" time="8.833" classname="test.GoogleTesting"/>
</testsuite> <!-- test.GoogleTesting -->
