<?xml version="1.0" encoding="UTF-8"?>
<!-- Generated by org.testng.reporters.JUnitReportReporter -->
<testsuite hostname="PC370013" name="test.GoogleTesting" tests="1" failures="0" timestamp="2 Nov 2017 12:53:03 GMT" time="9.491" errors="0">
  <testcase name="GoogleTest" time="9.491" classname="test.GoogleTesting"/>
</testsuite> <!-- test.GoogleTesting -->
